2026-03-27 09:06:51.586 +08:00 [INF] Lock windows active on 1 screen(s).
2026-03-27 09:06:51.608 +08:00 [INF] Application started.
2026-03-27 09:06:55.761 +08:00 [INF] Display settings changed. Rebuilding lock windows.
2026-03-27 09:06:58.060 +08:00 [INF] Lock windows active on 2 screen(s).
2026-03-27 09:07:05.677 +08:00 [INF] Lock screen dismissed with Enter key.
2026-03-27 09:07:05.718 +08:00 [INF] Application stopped.
2026-03-27 09:07:53.549 +08:00 [INF] Lock windows active on 2 screen(s).
2026-03-27 09:07:53.569 +08:00 [INF] Application started.
2026-03-27 09:08:05.598 +08:00 [INF] Lock screen dismissed with Enter key.
2026-03-27 09:08:05.635 +08:00 [INF] Application stopped.
2026-03-27 11:25:02.423 +08:00 [INF] Lock windows active on 2 screen(s).
2026-03-27 11:25:02.447 +08:00 [INF] Application started.
2026-03-27 11:26:03.276 +08:00 [INF] Lock screen dismissed with Enter key.
2026-03-27 11:26:03.318 +08:00 [INF] Application stopped.
2026-03-27 15:06:30.817 +08:00 [INF] Theme applied: Blue
2026-03-27 15:13:10.750 +08:00 [INF] Theme applied: Blue
2026-03-27 15:13:39.539 +08:00 [INF] Theme applied: Blue
2026-03-27 15:14:37.933 +08:00 [INF] Theme applied: Blue
2026-03-27 15:22:26.397 +08:00 [INF] Theme applied: Blue
2026-03-27 15:22:26.575 +08:00 [FTL] Fatal error during startup
System.Windows.Markup.XamlParseException: “在“System.Windows.StaticResourceExtension”上提供值时引发了异常。”，行号为“179”，行位置为“17”。
 ---> System.Exception: 无法找到名为“BoolToVis”的资源。资源名称区分大小写。
   at System.Windows.StaticResourceExtension.ProvideValueInternal(IServiceProvider serviceProvider, Boolean allowDeferredReference)
   at MS.Internal.Xaml.Runtime.ClrObjectRuntime.CallProvideValue(MarkupExtension me, IServiceProvider serviceProvider)
   --- End of inner exception stack trace ---
   at System.Windows.Markup.XamlReader.RewrapException(Exception e, IXamlLineInfo lineInfo, Uri baseUri)
   at System.Windows.Markup.WpfXamlLoader.Load(XamlReader xamlReader, IXamlObjectWriterFactory writerFactory, Boolean skipJournaledProperties, Object rootObject, XamlObjectWriterSettings settings, Uri baseUri)
   at System.Windows.Markup.WpfXamlLoader.LoadBaml(XamlReader xamlReader, Boolean skipJournaledProperties, Object rootObject, XamlAccessLevel accessLevel, Uri baseUri)
   at System.Windows.Markup.XamlReader.LoadBaml(Stream stream, ParserContext parserContext, Object parent, Boolean closeStream)
   at System.Windows.Application.LoadComponent(Object component, Uri resourceLocator)
   at LockScreen.App.MainWindow.InitializeComponent() in D:\work\ai\lock-screen\LockScreen.App\MainWindow.xaml:line 1
   at LockScreen.App.MainWindow..ctor(MainWindowViewModel viewModel, Rectangle screenBounds) in D:\work\ai\lock-screen\LockScreen.App\MainWindow.xaml.cs:line 15
   at LockScreen.App.App.RebuildLockWindows() in D:\work\ai\lock-screen\LockScreen.App\App.xaml.cs:line 83
   at LockScreen.App.App.OnStartup(StartupEventArgs e) in D:\work\ai\lock-screen\LockScreen.App\App.xaml.cs:line 42
2026-03-27 15:22:32.146 +08:00 [INF] Application stopped.
2026-03-27 16:58:52.641 +08:00 [INF] Theme applied: Blue
2026-03-27 16:58:52.786 +08:00 [FTL] Fatal error during startup
System.Windows.Markup.XamlParseException: “在“System.Windows.StaticResourceExtension”上提供值时引发了异常。”，行号为“179”，行位置为“17”。
 ---> System.Exception: 无法找到名为“BoolToVis”的资源。资源名称区分大小写。
   at System.Windows.StaticResourceExtension.ProvideValueInternal(IServiceProvider serviceProvider, Boolean allowDeferredReference)
   at MS.Internal.Xaml.Runtime.ClrObjectRuntime.CallProvideValue(MarkupExtension me, IServiceProvider serviceProvider)
   --- End of inner exception stack trace ---
   at System.Windows.Markup.XamlReader.RewrapException(Exception e, IXamlLineInfo lineInfo, Uri baseUri)
   at System.Windows.Markup.WpfXamlLoader.Load(XamlReader xamlReader, IXamlObjectWriterFactory writerFactory, Boolean skipJournaledProperties, Object rootObject, XamlObjectWriterSettings settings, Uri baseUri)
   at System.Windows.Markup.WpfXamlLoader.LoadBaml(XamlReader xamlReader, Boolean skipJournaledProperties, Object rootObject, XamlAccessLevel accessLevel, Uri baseUri)
   at System.Windows.Markup.XamlReader.LoadBaml(Stream stream, ParserContext parserContext, Object parent, Boolean closeStream)
   at System.Windows.Application.LoadComponent(Object component, Uri resourceLocator)
   at LockScreen.App.MainWindow.InitializeComponent() in D:\work\ai\lock-screen\LockScreen.App\MainWindow.xaml:line 1
   at LockScreen.App.MainWindow..ctor(MainWindowViewModel viewModel, Rectangle screenBounds) in D:\work\ai\lock-screen\LockScreen.App\MainWindow.xaml.cs:line 15
   at LockScreen.App.App.RebuildLockWindows() in D:\work\ai\lock-screen\LockScreen.App\App.xaml.cs:line 83
   at LockScreen.App.App.OnStartup(StartupEventArgs e) in D:\work\ai\lock-screen\LockScreen.App\App.xaml.cs:line 42
2026-03-27 16:58:55.233 +08:00 [INF] Application stopped.
