2026-03-28 16:55:50.236 +08:00 [INF] Theme applied: Blue
2026-03-28 16:55:50.858 +08:00 [INF] Lock windows active on 2 screen(s).
2026-03-28 16:55:50.859 +08:00 [INF] Application started.
2026-03-28 16:55:54.732 +08:00 [INF] Lock screen dismissed with Enter key.
2026-03-28 16:55:54.760 +08:00 [INF] Application stopped.
2026-03-28 16:56:24.773 +08:00 [INF] Theme applied: Blue
2026-03-28 16:56:25.206 +08:00 [INF] Lock windows active on 2 screen(s).
2026-03-28 16:56:25.207 +08:00 [INF] Application started.
2026-03-28 16:56:30.865 +08:00 [INF] Lock screen dismissed with Enter key.
2026-03-28 16:56:30.890 +08:00 [INF] Application stopped.
2026-03-28 16:56:33.290 +08:00 [INF] Theme applied: Blue
2026-03-28 16:56:33.698 +08:00 [INF] Lock windows active on 2 screen(s).
2026-03-28 16:56:33.699 +08:00 [INF] Application started.
2026-03-28 16:56:36.345 +08:00 [INF] Lock screen dismissed with Enter key.
2026-03-28 16:56:36.375 +08:00 [INF] Application stopped.
2026-03-28 17:03:54.028 +08:00 [INF] Theme applied: Blue
2026-03-28 17:03:54.465 +08:00 [INF] Lock windows active on 2 screen(s).
2026-03-28 17:03:54.466 +08:00 [INF] Application started.
2026-03-28 17:04:51.333 +08:00 [INF] Theme applied: Ember
2026-03-28 17:04:54.892 +08:00 [INF] Theme applied: Purple
2026-03-28 17:04:58.633 +08:00 [INF] Theme applied: Mono
2026-03-28 17:05:03.993 +08:00 [INF] Theme applied: Green
2026-03-28 17:05:17.497 +08:00 [INF] Lock screen dismissed with Enter key.
2026-03-28 17:05:17.539 +08:00 [INF] Application stopped.
2026-03-28 17:05:38.648 +08:00 [INF] Theme applied: Blue
2026-03-28 17:05:39.089 +08:00 [INF] Lock windows active on 2 screen(s).
2026-03-28 17:05:39.090 +08:00 [INF] Application started.
2026-03-28 17:05:47.025 +08:00 [INF] Lock screen dismissed with Enter key.
2026-03-28 17:05:47.052 +08:00 [INF] Application stopped.
